<?xml version="1.0" encoding="UTF-8"?>
<!-- Generated by org.testng.reporters.JUnitReportReporter -->
<testsuite skipped="0" hostname="PRINHYLTPHP0967" name="com.rahul.TestNGSampleTest" tests="1" failures="0" timestamp="2020-01-09T18:09:18 IST" time="5.893" errors="0">
  <testcase name="googleSearch" time="5.893" classname="com.rahul.TestNGSampleTest"/>
</testsuite> <!-- com.rahul.TestNGSampleTest -->
