<?xml version="1.0" encoding="UTF-8"?>
<!-- Generated by org.testng.reporters.JUnitReportReporter -->
<testsuite skipped="0" hostname="PRINHYLTPHP0967" name="com.rahul.TestSavvyTimeConverterTest" tests="7" failures="0" timestamp="2020-01-09T18:09:18 IST" time="42.178" errors="0">
  <testcase name="fetchTime" time="4.834" classname="com.rahul.TestSavvyTimeConverterTest"/>
  <testcase name="verifySwapButton" time="6.165" classname="com.rahul.TestSavvyTimeConverterTest"/>
  <testcase name="calender" time="7.654" classname="com.rahul.TestSavvyTimeConverterTest"/>
  <testcase name="setSecondCity" time="5.143" classname="com.rahul.TestSavvyTimeConverterTest"/>
  <testcase name="verifyConvertorPage" time="5.103" classname="com.rahul.TestSavvyTimeConverterTest"/>
  <testcase name="setFirstCity" time="6.454" classname="com.rahul.TestSavvyTimeConverterTest"/>
  <testcase name="verifyDeleteButton" time="6.825" classname="com.rahul.TestSavvyTimeConverterTest"/>
</testsuite> <!-- com.rahul.TestSavvyTimeConverterTest -->
